[I 201219 21:53:45 diesel:60] Iniciando proceso de recolección para Diesel
[I 201219 21:54:24 diesel:61] Iniciando proceso de recolección para Diesel
[I 201219 21:55:00 diesel:61] Iniciando proceso de recolección para Diesel
[I 201219 21:56:06 diesel:61] Iniciando proceso de recolección para Diesel
[I 201219 21:57:07 diesel:62] Iniciando proceso de recolección para Diesel
[I 201219 21:57:22 diesel:62] Iniciando proceso de recolección para Diesel
[I 201219 21:59:41 diesel:62] Iniciando proceso de recolección para Diesel
[I 201219 22:00:09 diesel:61] Iniciando proceso de recolección para Diesel
[I 201219 22:01:02 diesel:62] Iniciando proceso de recolección para Diesel
[I 201219 22:01:25 diesel:62] Iniciando proceso de recolección para Diesel
[I 201219 22:03:30 diesel:62] Iniciando proceso de recolección para Diesel
[I 201219 22:04:27 diesel:61] Iniciando proceso de recolección para Diesel
[I 201219 22:04:35 diesel:61] Iniciando proceso de recolección para Diesel
[I 201219 22:07:06 diesel:64] Iniciando proceso de recolección para Diesel
[I 201219 22:07:29 diesel:64] Iniciando proceso de recolección para Diesel
[I 201219 22:08:02 diesel:64] Iniciando proceso de recolección para Diesel
[I 201219 22:08:15 diesel:64] Iniciando proceso de recolección para Diesel
[I 201219 22:10:02 diesel:64] Iniciando proceso de recolección para Diesel
[I 201219 22:13:29 diesel:67] Iniciando proceso de recolección para Diesel
[I 201219 22:13:47 diesel:67] Iniciando proceso de recolección para Diesel
[I 201219 22:14:08 diesel:67] Iniciando proceso de recolección para Diesel
[I 201220 13:13:07 diesel:65] Iniciando proceso de recolección para Diesel
[I 201220 13:14:25 diesel:65] Iniciando proceso de recolección para Diesel
[I 201220 13:14:45 diesel:65] Iniciando proceso de recolección para Diesel
[I 201220 13:15:32 diesel:65] Iniciando proceso de recolección para Diesel
[I 201220 13:41:09 diesel:65] Iniciando proceso de recolección para Diesel
[I 201220 13:41:49 diesel:65] Iniciando proceso de recolección para Diesel
[I 201220 13:42:26 diesel:65] Iniciando proceso de recolección para Diesel
[I 201220 13:44:22 diesel:65] Iniciando proceso de recolección para Diesel
[I 201220 13:45:00 diesel:66] Iniciando proceso de recolección para Diesel
[I 201220 13:45:29 diesel:66] Iniciando proceso de recolección para Diesel
[I 201220 13:46:49 diesel:60] Iniciando proceso de recolección para Diesel
[I 201220 13:47:38 diesel:60] Iniciando proceso de recolección para Diesel
[I 201220 13:49:32 diesel:60] Iniciando proceso de recolección para Diesel
[I 201220 13:49:32 diesel:63] Yeah
[I 201220 13:56:23 diesel:60] Iniciando proceso de recolección para Diesel
[I 201220 13:56:23 diesel:63] Yeah
[I 201220 13:56:54 diesel:60] Iniciando proceso de recolección para Diesel
[I 201220 13:56:54 diesel:63] Yeah
[I 201220 13:57:08 diesel:60] Iniciando proceso de recolección para Diesel
[I 201220 13:57:08 diesel:63] Yeah
[I 201220 13:57:57 diesel:60] Iniciando proceso de recolección para Diesel
[I 201220 13:57:57 diesel:63] Yeah
[I 201220 13:59:48 diesel:60] Iniciando proceso de recolección para Diesel
[I 201220 13:59:48 diesel:63] Yeah
[I 201220 13:59:48 diesel:66] Yeah 2
[I 201220 14:00:07 diesel:60] Iniciando proceso de recolección para Diesel
[I 201220 14:00:07 diesel:63] Yeah
[I 201220 14:00:07 diesel:66] Yeah 2
[I 201220 14:00:50 diesel:60] Iniciando proceso de recolección para Diesel
[I 201220 14:00:51 diesel:63] Yeah
[I 201220 14:05:16 diesel:68] Iniciando proceso de recolección para Diesel
[I 201220 14:07:27 diesel:72] Iniciando proceso de recolección para Diesel
[I 201220 14:07:30 diesel:74] Yeah
[I 201220 14:07:30 diesel:76] Yeah 2
[I 201220 14:08:04 diesel:72] Iniciando proceso de recolección para Diesel
[I 201220 14:08:07 diesel:74] Yeah
[I 201220 14:08:07 diesel:76] Yeah 2
[I 201220 14:08:44 diesel:72] Iniciando proceso de recolección para Diesel
[I 201220 14:08:44 diesel:73] Yeah 2
[I 201220 14:09:10 diesel:72] Iniciando proceso de recolección para Diesel
[I 201220 14:09:10 diesel:73] Yeah 2
[I 201220 14:09:40 diesel:72] Iniciando proceso de recolección para Diesel
[I 201220 14:09:40 diesel:73] Yeah 2
[I 201220 14:10:13 diesel:72] Iniciando proceso de recolección para Diesel
[I 201220 14:10:13 diesel:73] Yeah 2
[I 201220 14:10:47 diesel:72] Iniciando proceso de recolección para Diesel
[I 201220 14:10:47 diesel:73] Yeah 2
[I 201220 14:11:06 diesel:72] Iniciando proceso de recolección para Diesel
[I 201220 14:11:06 diesel:73] Yeah 2
[I 201220 14:12:09 diesel:72] Iniciando proceso de recolección para Diesel
[I 201220 14:12:09 diesel:73] Yeah 2
[I 201220 14:12:11 diesel:76] Yeah 3
[I 201220 14:12:28 diesel:72] Iniciando proceso de recolección para Diesel
[I 201220 14:12:28 diesel:73] Yeah 2
[I 201220 14:12:48 diesel:72] Iniciando proceso de recolección para Diesel
[I 201220 14:12:48 diesel:73] Yeah 2
[I 201220 14:13:25 diesel:72] Iniciando proceso de recolección para Diesel
[I 201220 14:13:25 diesel:73] Yeah 2
[I 201220 14:13:36 diesel:72] Iniciando proceso de recolección para Diesel
[I 201220 14:13:36 diesel:73] Yeah 2
[I 201220 14:14:19 diesel:73] Iniciando proceso de recolección para Diesel
[I 201220 14:14:19 diesel:74] Yeah 2
[I 201220 14:14:41 diesel:73] Iniciando proceso de recolección para Diesel
[I 201220 14:14:41 diesel:74] Yeah 2
[I 201220 14:14:43 diesel:77] Yeah 3
[I 201220 14:15:05 diesel:73] Iniciando proceso de recolección para Diesel
[I 201220 14:15:05 diesel:74] Yeah 2
[I 201220 14:15:07 diesel:77] Yeah 3
[I 201220 14:45:07 diesel:73] Iniciando proceso de recolección para Diesel
[I 201220 14:45:07 diesel:74] Yeah 2
[I 201220 14:45:09 diesel:77] Yeah 3
[I 201220 14:48:19 diesel:76] Iniciando proceso de recolección para Diesel
[I 201220 14:48:19 diesel:77] Yeah 2
[I 201220 14:48:48 diesel:77] Iniciando proceso de recolección para Diesel
[I 201220 14:48:48 diesel:78] Yeah 2
[I 201220 14:49:17 diesel:77] Iniciando proceso de recolección para Diesel
[I 201220 14:49:17 diesel:78] Yeah 2
[I 201220 14:50:12 diesel:77] Iniciando proceso de recolección para Diesel
[I 201220 14:50:12 diesel:78] Yeah 2
[I 201220 14:50:50 diesel:77] Iniciando proceso de recolección para Diesel
[I 201220 14:50:50 diesel:78] Yeah 2
[I 201220 14:52:53 diesel:74] Iniciando proceso de recolección para Diesel
[I 201220 14:52:53 diesel:75] Yeah 2
[I 201220 14:53:54 diesel:74] Iniciando proceso de recolección para Diesel
[I 201220 14:53:54 diesel:75] Yeah 2
[I 201220 14:53:56 diesel:78] Yeah 3
[I 201220 14:54:34 diesel:74] Iniciando proceso de recolección para Diesel
[I 201220 14:54:34 diesel:75] Yeah 2
[I 201220 14:54:37 diesel:79] Yeah 3
[I 201220 14:55:40 diesel:74] Iniciando proceso de recolección para Diesel
[I 201220 14:55:40 diesel:75] Yeah 2
[I 201220 14:56:47 diesel:74] Iniciando proceso de recolección para Diesel
[I 201220 14:56:47 diesel:75] Yeah 2
[I 201220 14:56:49 diesel:79] Yeah 3
[I 201220 14:58:18 diesel:74] Iniciando proceso de recolección para Diesel
[I 201220 14:58:18 diesel:75] Yeah 2
[I 201220 14:59:25 diesel:74] Iniciando proceso de recolección para Diesel
[I 201220 14:59:25 diesel:75] Yeah 2
[I 201220 15:00:16 diesel:74] Iniciando proceso de recolección para Diesel
[I 201220 15:00:16 diesel:75] Yeah 2
[I 201220 15:00:51 diesel:74] Iniciando proceso de recolección para Diesel
[I 201220 15:00:51 diesel:75] Yeah 2
[I 201220 15:00:54 diesel:82] Yeah 3
[I 201220 15:04:35 diesel:74] Iniciando proceso de recolección para Diesel
[I 201220 15:04:35 diesel:75] Yeah 2
[I 201220 15:04:37 diesel:82] Yeah 3
[I 201220 15:04:54 diesel:74] Iniciando proceso de recolección para Diesel
[I 201220 15:04:54 diesel:75] Yeah 2
[I 201220 15:04:57 diesel:82] Yeah 3
[I 201220 15:05:27 diesel:74] Iniciando proceso de recolección para Diesel
[I 201220 15:05:27 diesel:75] Yeah 2
[I 201220 15:05:29 diesel:81] Yeah 3
[I 201220 15:06:57 diesel:74] Iniciando proceso de recolección para Diesel
[I 201220 15:06:57 diesel:75] Yeah 2
[I 201220 15:06:59 diesel:80] Yeah 3
[I 201220 15:16:45 diesel:77] Iniciando proceso de recolección para Diesel
[I 201220 15:16:45 diesel:78] Yeah 2
[I 201220 15:16:47 diesel:81] Recorriendo el género All
[I 201220 15:16:47 diesel:83] Recorriendo la categoría Watches
[I 201220 15:16:47 diesel:85] Recorriendo el módulo All
[I 201220 15:16:47 diesel:86] URL https://co.diesel.com/Reloj
[I 201220 15:16:47 diesel:81] Recorriendo el género Women
[I 201220 15:16:47 diesel:83] Recorriendo la categoría Clothes
[I 201220 15:16:47 diesel:85] Recorriendo el módulo T-Shirt
[I 201220 15:16:47 diesel:86] URL https://co.diesel.com/Mujer/Denim-y-Ropa/Ropa/Camisetas
[I 201220 15:16:47 diesel:85] Recorriendo el módulo Jumpsuit
[I 201220 15:16:47 diesel:86] URL https://co.diesel.com/Mujer/Denim-y-Ropa/Ropa/Jumpsuits
[I 201220 15:16:47 diesel:85] Recorriendo el módulo Shirt
[I 201220 15:16:47 diesel:86] URL https://co.diesel.com/Mujer/Denim-y-Ropa/Ropa/Camisas
[I 201220 15:16:47 diesel:85] Recorriendo el módulo Sweater
[I 201220 15:16:47 diesel:86] URL https://co.diesel.com/Mujer/Denim-y-Ropa/Ropa/Sweaters
[I 201220 15:16:47 diesel:85] Recorriendo el módulo Jacket
[I 201220 15:16:47 diesel:86] URL https://co.diesel.com/Mujer/Denim-y-Ropa/Ropa/Chaquetas
[I 201220 15:16:47 diesel:85] Recorriendo el módulo Pant
[I 201220 15:16:47 diesel:86] URL https://co.diesel.com/Mujer/Denim-y-Ropa/Ropa/Pantalones
[I 201220 15:16:47 diesel:85] Recorriendo el módulo Underwear
[I 201220 15:16:47 diesel:86] URL https://co.diesel.com/Mujer/Denim-y-Ropa/Ropa/Underwear
[I 201220 15:16:47 diesel:85] Recorriendo el módulo Skirt
[I 201220 15:16:47 diesel:86] URL https://co.diesel.com/Mujer/Denim-y-Ropa/Ropa/Faldas
[I 201220 15:16:47 diesel:85] Recorriendo el módulo Dress
[I 201220 15:16:47 diesel:86] URL https://co.diesel.com/Mujer/Denim-y-Ropa/Ropa/Vestidos
[I 201220 15:16:47 diesel:85] Recorriendo el módulo Short
[I 201220 15:16:47 diesel:86] URL https://co.diesel.com/Mujer/Denim-y-Ropa/Ropa/Shorts
[I 201220 15:16:47 diesel:83] Recorriendo la categoría Accessories
[I 201220 15:16:47 diesel:85] Recorriendo el módulo Bag
[I 201220 15:16:47 diesel:86] URL https://co.diesel.com/Mujer/Zapatos-y-Accesorios/Bolso
[I 201220 15:16:47 diesel:85] Recorriendo el módulo Belt
[I 201220 15:16:47 diesel:86] URL https://co.diesel.com/Mujer/Zapatos-y-Accesorios/Cinturones
[I 201220 15:16:47 diesel:83] Recorriendo la categoría Shoes
[I 201220 15:16:47 diesel:85] Recorriendo el módulo All
[I 201220 15:16:47 diesel:86] URL https://co.diesel.com/Mujer/Zapatos/Zapatos
[I 201220 15:16:47 diesel:81] Recorriendo el género Men
[I 201220 15:16:47 diesel:83] Recorriendo la categoría Shoes
[I 201220 15:16:47 diesel:85] Recorriendo el módulo All
[I 201220 15:16:47 diesel:86] URL https://co.diesel.com/Hombre/Zapatos/Zapatos
[I 201220 15:16:47 diesel:83] Recorriendo la categoría Accessories
[I 201220 15:16:47 diesel:85] Recorriendo el módulo Handbag
[I 201220 15:16:47 diesel:86] URL https://co.diesel.com/hombre/zapatos-y-accesorios/bolsos
[I 201220 15:16:47 diesel:85] Recorriendo el módulo Wallet
[I 201220 15:16:47 diesel:86] URL https://co.diesel.com/Hombre/Zapatos-y-Accesorios/Billeteras
[I 201220 15:16:47 diesel:85] Recorriendo el módulo Belt
[I 201220 15:16:47 diesel:86] URL https://co.diesel.com/Hombre/Zapatos-y-Accesorios/Cinturones
[I 201220 15:16:47 diesel:85] Recorriendo el módulo Fragance
[I 201220 15:16:47 diesel:86] URL https://co.diesel.com/Hombre/Zapatos-y-Accesorios/Fragancias
[I 201220 15:16:47 diesel:85] Recorriendo el módulo Hat
[I 201220 15:16:47 diesel:86] URL https://co.diesel.com/Hombre/gorro
[I 201220 15:16:47 diesel:83] Recorriendo la categoría Clothes
[I 201220 15:16:47 diesel:85] Recorriendo el módulo T-Shirt
[I 201220 15:16:47 diesel:86] URL https://co.diesel.com/Hombre/Denim-y-Ropa/Ropa/Camisetas
[I 201220 15:16:47 diesel:85] Recorriendo el módulo Polo
[I 201220 15:16:47 diesel:86] URL https://co.diesel.com/Hombre/Denim-y-Ropa/Ropa/Polos
[I 201220 15:16:47 diesel:85] Recorriendo el módulo Shirt
[I 201220 15:16:47 diesel:86] URL https://co.diesel.com/Hombre/Denim-y-Ropa/Ropa/Camisas
[I 201220 15:16:47 diesel:85] Recorriendo el módulo Sweater
[I 201220 15:16:47 diesel:86] URL https://co.diesel.com/Hombre/Denim-y-Ropa/Ropa/Sweaters
[I 201220 15:16:47 diesel:85] Recorriendo el módulo Jacket
[I 201220 15:16:47 diesel:86] URL https://co.diesel.com/Hombre/Denim-y-Ropa/Ropa/Chaquetas
[I 201220 15:16:47 diesel:85] Recorriendo el módulo Pant
[I 201220 15:16:47 diesel:86] URL https://co.diesel.com/Hombre/Denim-y-Ropa/Denim
[I 201220 15:16:47 diesel:85] Recorriendo el módulo Underwear
[I 201220 15:16:47 diesel:86] URL https://co.diesel.com/Hombre/Denim-y-Ropa/Ropa/Underwear
[I 201220 15:16:47 diesel:85] Recorriendo el módulo Beach
[I 201220 15:16:47 diesel:86] URL https://co.diesel.com/Hombre/Denim-y-Ropa/Ropa/beach-ware
[I 201220 15:16:47 diesel:89] Yeah 3
[I 201220 15:21:51 diesel:79] Iniciando proceso de recolección para Diesel
[I 201220 15:21:57 diesel:86] Recorriendo el género All
[I 201220 15:21:57 diesel:89] Recorriendo la categoría Watches
[I 201220 15:21:57 diesel:92] Recorriendo el módulo All
[I 201220 15:21:57 diesel:93] URL https://co.diesel.com/Reloj
[I 201220 15:22:11 diesel:107] Seleccionando un nuevo item para Diesel
[I 201220 15:22:11 diesel:117] Producto Reloj  Para Hombre Mr. Daddy 2.0
[I 201220 15:22:18 diesel:205] OK
[I 201220 15:22:19 diesel:107] Seleccionando un nuevo item para Diesel
[I 201220 15:22:19 diesel:117] Producto Reloj  Para Hombre Ms9
[I 201220 15:22:53 diesel:205] OK
[I 201220 15:22:53 diesel:107] Seleccionando un nuevo item para Diesel
[I 201220 15:22:53 diesel:117] Producto Reloj  Para Hombre Crusher
[I 201220 15:23:27 diesel:205] OK
[I 201220 15:23:27 diesel:107] Seleccionando un nuevo item para Diesel
[I 201220 15:23:27 diesel:117] Producto Reloj  Para Hombre Mega Chief
[I 201220 15:23:34 diesel:205] OK
[I 201220 15:23:34 diesel:107] Seleccionando un nuevo item para Diesel
[I 201220 15:23:34 diesel:117] Producto Reloj  Para Hombre Mega Chief
[I 201220 15:23:40 diesel:205] OK
[I 201220 15:23:40 diesel:107] Seleccionando un nuevo item para Diesel
[I 201220 15:23:40 diesel:117] Producto Reloj Para Hombre D-48 Diesel
[I 201220 15:23:47 diesel:205] OK
[I 201220 15:23:47 diesel:107] Seleccionando un nuevo item para Diesel
[I 201220 15:23:47 diesel:117] Producto Reloj Para Mujer  Chopped Diesel
[I 201220 15:23:52 diesel:205] OK
[I 201220 15:23:52 diesel:107] Seleccionando un nuevo item para Diesel
[I 201220 15:23:52 diesel:117] Producto Reloj MEGACHIEF Hombre
[I 201220 15:23:59 diesel:205] OK
[I 201220 15:23:59 diesel:107] Seleccionando un nuevo item para Diesel
[I 201220 15:23:59 diesel:117] Producto Reloj STIGG Hombre
[I 201220 15:24:11 diesel:205] OK
[I 201220 15:24:11 diesel:107] Seleccionando un nuevo item para Diesel
[I 201220 15:24:11 diesel:117] Producto Reloj  Para Hombre Crusher
